ERROR - 2024-06-26 16:39:55 --> Error connecting to the database: mysqli_sql_exception: No connection could be made because the target machine actively refused it in C:\xampp\htdocs\PRAKTIKUM-PEMROGRAMAN-WEB-2\Modul 6\PRAK601\system\Database\MySQLi\Connection.php:186
Stack trace:
#0 C:\xampp\htdocs\PRAKTIKUM-PEMROGRAMAN-WEB-2\Modul 6\PRAK601\system\Database\MySQLi\Connection.php(186): mysqli->real_connect('localhost', 'root', Object(SensitiveParameterValue), 'ci_perpus', 3306, '', 0)
#1 C:\xampp\htdocs\PRAKTIKUM-PEMROGRAMAN-WEB-2\Modul 6\PRAK601\system\Database\BaseConnection.php(421): CodeIgniter\Database\MySQLi\Connection->connect(false)
#2 C:\xampp\htdocs\PRAKTIKUM-PEMROGRAMAN-WEB-2\Modul 6\PRAK601\system\Database\Database.php(68): CodeIgniter\Database\BaseConnection->initialize()
#3 C:\xampp\htdocs\PRAKTIKUM-PEMROGRAMAN-WEB-2\Modul 6\PRAK601\system\Database\Config.php(111): CodeIgniter\Database\Database->loadForge(Object(CodeIgniter\Database\MySQLi\Connection))
#4 C:\xampp\htdocs\PRAKTIKUM-PEMROGRAMAN-WEB-2\Modul 6\PRAK601\system\Database\Seeder.php(98): CodeIgniter\Database\Config::forge(NULL)
#5 C:\xampp\htdocs\PRAKTIKUM-PEMROGRAMAN-WEB-2\Modul 6\PRAK601\system\Commands\Database\Seed.php(71): CodeIgniter\Database\Seeder->__construct(Object(Config\Database))
#6 C:\xampp\htdocs\PRAKTIKUM-PEMROGRAMAN-WEB-2\Modul 6\PRAK601\system\CLI\Commands.php(70): CodeIgniter\Commands\Database\Seed->run(Array)
#7 C:\xampp\htdocs\PRAKTIKUM-PEMROGRAMAN-WEB-2\Modul 6\PRAK601\system\CLI\Console.php(48): CodeIgniter\CLI\Commands->run('db:seed', Array)
#8 C:\xampp\htdocs\PRAKTIKUM-PEMROGRAMAN-WEB-2\Modul 6\PRAK601\system\Boot.php(351): CodeIgniter\CLI\Console->run()
#9 C:\xampp\htdocs\PRAKTIKUM-PEMROGRAMAN-WEB-2\Modul 6\PRAK601\system\Boot.php(104): CodeIgniter\Boot::runCommand(Object(CodeIgniter\CLI\Console))
#10 C:\xampp\htdocs\PRAKTIKUM-PEMROGRAMAN-WEB-2\Modul 6\PRAK601\spark(84): CodeIgniter\Boot::bootSpark(Object(Config\Paths))
#11 {main}

Next CodeIgniter\Database\Exceptions\DatabaseException: No connection could be made because the target machine actively refused it in C:\xampp\htdocs\PRAKTIKUM-PEMROGRAMAN-WEB-2\Modul 6\PRAK601\system\Database\MySQLi\Connection.php:231
Stack trace:
#0 C:\xampp\htdocs\PRAKTIKUM-PEMROGRAMAN-WEB-2\Modul 6\PRAK601\system\Database\BaseConnection.php(421): CodeIgniter\Database\MySQLi\Connection->connect(false)
#1 C:\xampp\htdocs\PRAKTIKUM-PEMROGRAMAN-WEB-2\Modul 6\PRAK601\system\Database\Database.php(68): CodeIgniter\Database\BaseConnection->initialize()
#2 C:\xampp\htdocs\PRAKTIKUM-PEMROGRAMAN-WEB-2\Modul 6\PRAK601\system\Database\Config.php(111): CodeIgniter\Database\Database->loadForge(Object(CodeIgniter\Database\MySQLi\Connection))
#3 C:\xampp\htdocs\PRAKTIKUM-PEMROGRAMAN-WEB-2\Modul 6\PRAK601\system\Database\Seeder.php(98): CodeIgniter\Database\Config::forge(NULL)
#4 C:\xampp\htdocs\PRAKTIKUM-PEMROGRAMAN-WEB-2\Modul 6\PRAK601\system\Commands\Database\Seed.php(71): CodeIgniter\Database\Seeder->__construct(Object(Config\Database))
#5 C:\xampp\htdocs\PRAKTIKUM-PEMROGRAMAN-WEB-2\Modul 6\PRAK601\system\CLI\Commands.php(70): CodeIgniter\Commands\Database\Seed->run(Array)
#6 C:\xampp\htdocs\PRAKTIKUM-PEMROGRAMAN-WEB-2\Modul 6\PRAK601\system\CLI\Console.php(48): CodeIgniter\CLI\Commands->run('db:seed', Array)
#7 C:\xampp\htdocs\PRAKTIKUM-PEMROGRAMAN-WEB-2\Modul 6\PRAK601\system\Boot.php(351): CodeIgniter\CLI\Console->run()
#8 C:\xampp\htdocs\PRAKTIKUM-PEMROGRAMAN-WEB-2\Modul 6\PRAK601\system\Boot.php(104): CodeIgniter\Boot::runCommand(Object(CodeIgniter\CLI\Console))
#9 C:\xampp\htdocs\PRAKTIKUM-PEMROGRAMAN-WEB-2\Modul 6\PRAK601\spark(84): CodeIgniter\Boot::bootSpark(Object(Config\Paths))
#10 {main}
CRITICAL - 2024-06-26 16:39:55 --> CodeIgniter\Database\Exceptions\DatabaseException: Unable to connect to the database.
Main connection [MySQLi]: No connection could be made because the target machine actively refused it
[Method: CLI, Route: db:seed/ci_perpus]
in SYSTEMPATH\Database\BaseConnection.php on line 467.
 1 SYSTEMPATH\Database\Database.php(68): CodeIgniter\Database\BaseConnection->initialize()
 2 SYSTEMPATH\Database\Config.php(111): CodeIgniter\Database\Database->loadForge(Object(CodeIgniter\Database\MySQLi\Connection))
 3 SYSTEMPATH\Database\Seeder.php(98): CodeIgniter\Database\Config::forge(null)
 4 SYSTEMPATH\Commands\Database\Seed.php(71): CodeIgniter\Database\Seeder->__construct(Object(Config\Database))
 5 SYSTEMPATH\CLI\Commands.php(70): CodeIgniter\Commands\Database\Seed->run([...])
 6 SYSTEMPATH\CLI\Console.php(48): CodeIgniter\CLI\Commands->run('db:seed', [...])
 7 SYSTEMPATH\Boot.php(351): CodeIgniter\CLI\Console->run()
 8 SYSTEMPATH\Boot.php(104): CodeIgniter\Boot::runCommand(Object(CodeIgniter\CLI\Console))
 9 ROOTPATH\spark(84): CodeIgniter\Boot::bootSpark(Object(Config\Paths))
