CRITICAL - 2024-06-14 13:20:52 --> ErrorException: Cannot declare class CodeIgniter\Commands\Utilities\Routes\AutoRouterImproved\ControllerMethodReader, because the name is already in use
[Method: CLI, Route: serve]
in SYSTEMPATH\Commands\Utilities\Routes\ControllerMethodReader.php on line 25.
 1 [internal function]: CodeIgniter\Debug\Exceptions->shutdownHandler()
ERROR - 2024-06-14 15:26:36 --> Error connecting to the database: mysqli_sql_exception: Access denied for user ''@'localhost' (using password: NO) in C:\xampp\htdocs\ci-news\system\Database\MySQLi\Connection.php:186
Stack trace:
#0 C:\xampp\htdocs\ci-news\system\Database\MySQLi\Connection.php(186): mysqli->real_connect('localhost', '', Object(SensitiveParameterValue), '', 3306, '', 0)
#1 C:\xampp\htdocs\ci-news\system\Database\BaseConnection.php(421): CodeIgniter\Database\MySQLi\Connection->connect(false)
#2 C:\xampp\htdocs\ci-news\system\Database\Database.php(68): CodeIgniter\Database\BaseConnection->initialize()
#3 C:\xampp\htdocs\ci-news\system\Database\Config.php(111): CodeIgniter\Database\Database->loadForge(Object(CodeIgniter\Database\MySQLi\Connection))
#4 C:\xampp\htdocs\ci-news\system\Commands\Database\CreateDatabase.php(136): CodeIgniter\Database\Config::forge()
#5 C:\xampp\htdocs\ci-news\system\CLI\Commands.php(70): CodeIgniter\Commands\Database\CreateDatabase->run(Array)
#6 C:\xampp\htdocs\ci-news\system\CLI\Console.php(48): CodeIgniter\CLI\Commands->run('db:create', Array)
#7 C:\xampp\htdocs\ci-news\system\Boot.php(351): CodeIgniter\CLI\Console->run()
#8 C:\xampp\htdocs\ci-news\system\Boot.php(104): CodeIgniter\Boot::runCommand(Object(CodeIgniter\CLI\Console))
#9 C:\xampp\htdocs\ci-news\spark(84): CodeIgniter\Boot::bootSpark(Object(Config\Paths))
#10 {main}

Next CodeIgniter\Database\Exceptions\DatabaseException: Access denied for user ''@'localhost' (using password: NO) in C:\xampp\htdocs\ci-news\system\Database\MySQLi\Connection.php:231
Stack trace:
#0 C:\xampp\htdocs\ci-news\system\Database\BaseConnection.php(421): CodeIgniter\Database\MySQLi\Connection->connect(false)
#1 C:\xampp\htdocs\ci-news\system\Database\Database.php(68): CodeIgniter\Database\BaseConnection->initialize()
#2 C:\xampp\htdocs\ci-news\system\Database\Config.php(111): CodeIgniter\Database\Database->loadForge(Object(CodeIgniter\Database\MySQLi\Connection))
#3 C:\xampp\htdocs\ci-news\system\Commands\Database\CreateDatabase.php(136): CodeIgniter\Database\Config::forge()
#4 C:\xampp\htdocs\ci-news\system\CLI\Commands.php(70): CodeIgniter\Commands\Database\CreateDatabase->run(Array)
#5 C:\xampp\htdocs\ci-news\system\CLI\Console.php(48): CodeIgniter\CLI\Commands->run('db:create', Array)
#6 C:\xampp\htdocs\ci-news\system\Boot.php(351): CodeIgniter\CLI\Console->run()
#7 C:\xampp\htdocs\ci-news\system\Boot.php(104): CodeIgniter\Boot::runCommand(Object(CodeIgniter\CLI\Console))
#8 C:\xampp\htdocs\ci-news\spark(84): CodeIgniter\Boot::bootSpark(Object(Config\Paths))
#9 {main}
ERROR - 2024-06-14 15:36:26 --> mysqli_sql_exception: Incorrect database name '' in C:\xampp\htdocs\ci-news\system\Database\MySQLi\Connection.php:310
Stack trace:
#0 C:\xampp\htdocs\ci-news\system\Database\MySQLi\Connection.php(310): mysqli->query('SHOW TABLES FRO...', 0)
#1 C:\xampp\htdocs\ci-news\system\Database\BaseConnection.php(732): CodeIgniter\Database\MySQLi\Connection->execute('SHOW TABLES FRO...')
#2 C:\xampp\htdocs\ci-news\system\Database\BaseConnection.php(646): CodeIgniter\Database\BaseConnection->simpleQuery('SHOW TABLES FRO...')
#3 C:\xampp\htdocs\ci-news\system\Database\BaseConnection.php(1481): CodeIgniter\Database\BaseConnection->query('SHOW TABLES FRO...')
#4 C:\xampp\htdocs\ci-news\system\Database\BaseConnection.php(1500): CodeIgniter\Database\BaseConnection->listTables()
#5 C:\xampp\htdocs\ci-news\system\Database\MigrationRunner.php(759): CodeIgniter\Database\BaseConnection->tableExists('migrations')
#6 C:\xampp\htdocs\ci-news\system\Database\MigrationRunner.php(232): CodeIgniter\Database\MigrationRunner->ensureTable()
#7 C:\xampp\htdocs\ci-news\system\Commands\Database\MigrateRollback.php(87): CodeIgniter\Database\MigrationRunner->regress(0)
#8 C:\xampp\htdocs\ci-news\system\CLI\Commands.php(70): CodeIgniter\Commands\Database\MigrateRollback->run(Array)
#9 C:\xampp\htdocs\ci-news\system\CLI\BaseCommand.php(119): CodeIgniter\CLI\Commands->run('migrate:rollbac...', Array)
#10 C:\xampp\htdocs\ci-news\system\Commands\Database\MigrateRefresh.php(86): CodeIgniter\CLI\BaseCommand->call('migrate:rollbac...', Array)
#11 C:\xampp\htdocs\ci-news\system\CLI\Commands.php(70): CodeIgniter\Commands\Database\MigrateRefresh->run(Array)
#12 C:\xampp\htdocs\ci-news\system\CLI\Console.php(48): CodeIgniter\CLI\Commands->run('migrate:refresh', Array)
#13 C:\xampp\htdocs\ci-news\system\Boot.php(351): CodeIgniter\CLI\Console->run()
#14 C:\xampp\htdocs\ci-news\system\Boot.php(104): CodeIgniter\Boot::runCommand(Object(CodeIgniter\CLI\Console))
#15 C:\xampp\htdocs\ci-news\spark(84): CodeIgniter\Boot::bootSpark(Object(Config\Paths))
#16 {main}
ERROR - 2024-06-14 15:36:26 --> mysqli_sql_exception: Incorrect database name '' in C:\xampp\htdocs\ci-news\system\Database\MySQLi\Connection.php:310
Stack trace:
#0 C:\xampp\htdocs\ci-news\system\Database\MySQLi\Connection.php(310): mysqli->query('SHOW TABLES FRO...', 0)
#1 C:\xampp\htdocs\ci-news\system\Database\BaseConnection.php(732): CodeIgniter\Database\MySQLi\Connection->execute('SHOW TABLES FRO...')
#2 C:\xampp\htdocs\ci-news\system\Database\BaseConnection.php(646): CodeIgniter\Database\BaseConnection->simpleQuery('SHOW TABLES FRO...')
#3 C:\xampp\htdocs\ci-news\system\Database\BaseConnection.php(1481): CodeIgniter\Database\BaseConnection->query('SHOW TABLES FRO...')
#4 C:\xampp\htdocs\ci-news\system\Database\BaseConnection.php(1500): CodeIgniter\Database\BaseConnection->listTables()
#5 C:\xampp\htdocs\ci-news\system\Database\MigrationRunner.php(759): CodeIgniter\Database\BaseConnection->tableExists('migrations')
#6 C:\xampp\htdocs\ci-news\system\Database\MigrationRunner.php(163): CodeIgniter\Database\MigrationRunner->ensureTable()
#7 C:\xampp\htdocs\ci-news\system\Commands\Database\Migrate.php(85): CodeIgniter\Database\MigrationRunner->latest(NULL)
#8 C:\xampp\htdocs\ci-news\system\CLI\Commands.php(70): CodeIgniter\Commands\Database\Migrate->run(Array)
#9 C:\xampp\htdocs\ci-news\system\CLI\BaseCommand.php(119): CodeIgniter\CLI\Commands->run('migrate', Array)
#10 C:\xampp\htdocs\ci-news\system\Commands\Database\MigrateRefresh.php(87): CodeIgniter\CLI\BaseCommand->call('migrate', Array)
#11 C:\xampp\htdocs\ci-news\system\CLI\Commands.php(70): CodeIgniter\Commands\Database\MigrateRefresh->run(Array)
#12 C:\xampp\htdocs\ci-news\system\CLI\Console.php(48): CodeIgniter\CLI\Commands->run('migrate:refresh', Array)
#13 C:\xampp\htdocs\ci-news\system\Boot.php(351): CodeIgniter\CLI\Console->run()
#14 C:\xampp\htdocs\ci-news\system\Boot.php(104): CodeIgniter\Boot::runCommand(Object(CodeIgniter\CLI\Console))
#15 C:\xampp\htdocs\ci-news\spark(84): CodeIgniter\Boot::bootSpark(Object(Config\Paths))
#16 {main}
CRITICAL - 2024-06-14 16:37:57 --> CodeIgniter\View\Exceptions\ViewException: Invalid file: "layouts/main.php"
[Method: GET, Route: register]
in SYSTEMPATH\Exceptions\FrameworkException.php on line 41.
 1 SYSTEMPATH\View\View.php(222): CodeIgniter\Exceptions\FrameworkException::forInvalidFile('layouts/main.php')
 2 SYSTEMPATH\View\View.php(250): CodeIgniter\View\View->render('layouts/main', [], true)
 3 SYSTEMPATH\Common.php(1171): CodeIgniter\View\View->render('auth/register', [], true)
 4 APPPATH\Controllers\RegisterController.php(23): view('auth/register', [...])
 5 SYSTEMPATH\CodeIgniter.php(933): App\Controllers\RegisterController->index()
 6 SYSTEMPATH\CodeIgniter.php(509): CodeIgniter\CodeIgniter->runController(Object(App\Controllers\RegisterController))
 7 SYSTEMPATH\CodeIgniter.php(355): CodeIgniter\CodeIgniter->handleRequest(null, Object(Config\Cache), false)
 8 SYSTEMPATH\Boot.php(325): CodeIgniter\CodeIgniter->run()
 9 SYSTEMPATH\Boot.php(67): CodeIgniter\Boot::runCodeIgniter(Object(CodeIgniter\CodeIgniter))
10 FCPATH\index.php(56): CodeIgniter\Boot::bootWeb(Object(Config\Paths))
11 SYSTEMPATH\Commands\Server\rewrite.php(49): require_once('C:\\xampp\\htdocs\\ci-news\\public\\index.php')
CRITICAL - 2024-06-14 16:38:20 --> CodeIgniter\View\Exceptions\ViewException: Invalid file: "layouts/main.php"
[Method: GET, Route: login]
in SYSTEMPATH\Exceptions\FrameworkException.php on line 41.
 1 SYSTEMPATH\View\View.php(222): CodeIgniter\Exceptions\FrameworkException::forInvalidFile('layouts/main.php')
 2 SYSTEMPATH\View\View.php(250): CodeIgniter\View\View->render('layouts/main', [], true)
 3 SYSTEMPATH\Common.php(1171): CodeIgniter\View\View->render('auth/login', [], true)
 4 APPPATH\Controllers\LoginController.php(25): view('auth/login', [...])
 5 SYSTEMPATH\CodeIgniter.php(933): App\Controllers\LoginController->index()
 6 SYSTEMPATH\CodeIgniter.php(509): CodeIgniter\CodeIgniter->runController(Object(App\Controllers\LoginController))
 7 SYSTEMPATH\CodeIgniter.php(355): CodeIgniter\CodeIgniter->handleRequest(null, Object(Config\Cache), false)
 8 SYSTEMPATH\Boot.php(325): CodeIgniter\CodeIgniter->run()
 9 SYSTEMPATH\Boot.php(67): CodeIgniter\Boot::runCodeIgniter(Object(CodeIgniter\CodeIgniter))
10 FCPATH\index.php(56): CodeIgniter\Boot::bootWeb(Object(Config\Paths))
11 SYSTEMPATH\Commands\Server\rewrite.php(49): require_once('C:\\xampp\\htdocs\\ci-news\\public\\index.php')
CRITICAL - 2024-06-14 16:50:09 --> CodeIgniter\View\Exceptions\ViewException: Invalid file: "layouts/main.php"
[Method: GET, Route: login]
in SYSTEMPATH\Exceptions\FrameworkException.php on line 41.
 1 SYSTEMPATH\View\View.php(222): CodeIgniter\Exceptions\FrameworkException::forInvalidFile('layouts/main.php')
 2 SYSTEMPATH\View\View.php(250): CodeIgniter\View\View->render('layouts/main', [], true)
 3 SYSTEMPATH\Common.php(1171): CodeIgniter\View\View->render('auth/login', [], true)
 4 APPPATH\Controllers\LoginController.php(21): view('auth/login', [...])
 5 SYSTEMPATH\CodeIgniter.php(933): App\Controllers\LoginController->index()
 6 SYSTEMPATH\CodeIgniter.php(509): CodeIgniter\CodeIgniter->runController(Object(App\Controllers\LoginController))
 7 SYSTEMPATH\CodeIgniter.php(355): CodeIgniter\CodeIgniter->handleRequest(null, Object(Config\Cache), false)
 8 SYSTEMPATH\Boot.php(325): CodeIgniter\CodeIgniter->run()
 9 SYSTEMPATH\Boot.php(67): CodeIgniter\Boot::runCodeIgniter(Object(CodeIgniter\CodeIgniter))
10 FCPATH\index.php(56): CodeIgniter\Boot::bootWeb(Object(Config\Paths))
11 SYSTEMPATH\Commands\Server\rewrite.php(49): require_once('C:\\xampp\\htdocs\\ci-news\\public\\index.php')
CRITICAL - 2024-06-14 16:50:31 --> CodeIgniter\View\Exceptions\ViewException: Invalid file: "layouts/main.php"
[Method: GET, Route: login]
in SYSTEMPATH\Exceptions\FrameworkException.php on line 41.
 1 SYSTEMPATH\View\View.php(222): CodeIgniter\Exceptions\FrameworkException::forInvalidFile('layouts/main.php')
 2 SYSTEMPATH\View\View.php(250): CodeIgniter\View\View->render('layouts/main', [], true)
 3 SYSTEMPATH\Common.php(1171): CodeIgniter\View\View->render('auth/login', [], true)
 4 APPPATH\Controllers\LoginController.php(21): view('auth/login', [...])
 5 SYSTEMPATH\CodeIgniter.php(933): App\Controllers\LoginController->index()
 6 SYSTEMPATH\CodeIgniter.php(509): CodeIgniter\CodeIgniter->runController(Object(App\Controllers\LoginController))
 7 SYSTEMPATH\CodeIgniter.php(355): CodeIgniter\CodeIgniter->handleRequest(null, Object(Config\Cache), false)
 8 SYSTEMPATH\Boot.php(325): CodeIgniter\CodeIgniter->run()
 9 SYSTEMPATH\Boot.php(67): CodeIgniter\Boot::runCodeIgniter(Object(CodeIgniter\CodeIgniter))
10 FCPATH\index.php(56): CodeIgniter\Boot::bootWeb(Object(Config\Paths))
11 SYSTEMPATH\Commands\Server\rewrite.php(49): require_once('C:\\xampp\\htdocs\\ci-news\\public\\index.php')
CRITICAL - 2024-06-14 16:52:53 --> CodeIgniter\View\Exceptions\ViewException: Invalid file: "layouts/main.php"
[Method: GET, Route: login]
in SYSTEMPATH\Exceptions\FrameworkException.php on line 41.
 1 SYSTEMPATH\View\View.php(222): CodeIgniter\Exceptions\FrameworkException::forInvalidFile('layouts/main.php')
 2 SYSTEMPATH\View\View.php(250): CodeIgniter\View\View->render('layouts/main', [], true)
 3 SYSTEMPATH\Common.php(1171): CodeIgniter\View\View->render('auth/login', [], true)
 4 APPPATH\Controllers\LoginController.php(21): view('auth/login', [...])
 5 SYSTEMPATH\CodeIgniter.php(933): App\Controllers\LoginController->index()
 6 SYSTEMPATH\CodeIgniter.php(509): CodeIgniter\CodeIgniter->runController(Object(App\Controllers\LoginController))
 7 SYSTEMPATH\CodeIgniter.php(355): CodeIgniter\CodeIgniter->handleRequest(null, Object(Config\Cache), false)
 8 SYSTEMPATH\Boot.php(325): CodeIgniter\CodeIgniter->run()
 9 SYSTEMPATH\Boot.php(67): CodeIgniter\Boot::runCodeIgniter(Object(CodeIgniter\CodeIgniter))
10 FCPATH\index.php(56): CodeIgniter\Boot::bootWeb(Object(Config\Paths))
11 SYSTEMPATH\Commands\Server\rewrite.php(49): require_once('C:\\xampp\\htdocs\\ci-news\\public\\index.php')
CRITICAL - 2024-06-14 16:52:58 --> CodeIgniter\View\Exceptions\ViewException: Invalid file: "layouts/main.php"
[Method: GET, Route: login]
in SYSTEMPATH\Exceptions\FrameworkException.php on line 41.
 1 SYSTEMPATH\View\View.php(222): CodeIgniter\Exceptions\FrameworkException::forInvalidFile('layouts/main.php')
 2 SYSTEMPATH\View\View.php(250): CodeIgniter\View\View->render('layouts/main', [], true)
 3 SYSTEMPATH\Common.php(1171): CodeIgniter\View\View->render('auth/login', [], true)
 4 APPPATH\Controllers\LoginController.php(21): view('auth/login', [...])
 5 SYSTEMPATH\CodeIgniter.php(933): App\Controllers\LoginController->index()
 6 SYSTEMPATH\CodeIgniter.php(509): CodeIgniter\CodeIgniter->runController(Object(App\Controllers\LoginController))
 7 SYSTEMPATH\CodeIgniter.php(355): CodeIgniter\CodeIgniter->handleRequest(null, Object(Config\Cache), false)
 8 SYSTEMPATH\Boot.php(325): CodeIgniter\CodeIgniter->run()
 9 SYSTEMPATH\Boot.php(67): CodeIgniter\Boot::runCodeIgniter(Object(CodeIgniter\CodeIgniter))
10 FCPATH\index.php(56): CodeIgniter\Boot::bootWeb(Object(Config\Paths))
11 SYSTEMPATH\Commands\Server\rewrite.php(49): require_once('C:\\xampp\\htdocs\\ci-news\\public\\index.php')
CRITICAL - 2024-06-14 16:53:00 --> CodeIgniter\View\Exceptions\ViewException: Invalid file: "layouts/main.php"
[Method: GET, Route: login]
in SYSTEMPATH\Exceptions\FrameworkException.php on line 41.
 1 SYSTEMPATH\View\View.php(222): CodeIgniter\Exceptions\FrameworkException::forInvalidFile('layouts/main.php')
 2 SYSTEMPATH\View\View.php(250): CodeIgniter\View\View->render('layouts/main', [], true)
 3 SYSTEMPATH\Common.php(1171): CodeIgniter\View\View->render('auth/login', [], true)
 4 APPPATH\Controllers\LoginController.php(21): view('auth/login', [...])
 5 SYSTEMPATH\CodeIgniter.php(933): App\Controllers\LoginController->index()
 6 SYSTEMPATH\CodeIgniter.php(509): CodeIgniter\CodeIgniter->runController(Object(App\Controllers\LoginController))
 7 SYSTEMPATH\CodeIgniter.php(355): CodeIgniter\CodeIgniter->handleRequest(null, Object(Config\Cache), false)
 8 SYSTEMPATH\Boot.php(325): CodeIgniter\CodeIgniter->run()
 9 SYSTEMPATH\Boot.php(67): CodeIgniter\Boot::runCodeIgniter(Object(CodeIgniter\CodeIgniter))
10 FCPATH\index.php(56): CodeIgniter\Boot::bootWeb(Object(Config\Paths))
11 SYSTEMPATH\Commands\Server\rewrite.php(49): require_once('C:\\xampp\\htdocs\\ci-news\\public\\index.php')
CRITICAL - 2024-06-14 16:53:01 --> CodeIgniter\View\Exceptions\ViewException: Invalid file: "layouts/main.php"
[Method: GET, Route: login]
in SYSTEMPATH\Exceptions\FrameworkException.php on line 41.
 1 SYSTEMPATH\View\View.php(222): CodeIgniter\Exceptions\FrameworkException::forInvalidFile('layouts/main.php')
 2 SYSTEMPATH\View\View.php(250): CodeIgniter\View\View->render('layouts/main', [], true)
 3 SYSTEMPATH\Common.php(1171): CodeIgniter\View\View->render('auth/login', [], true)
 4 APPPATH\Controllers\LoginController.php(21): view('auth/login', [...])
 5 SYSTEMPATH\CodeIgniter.php(933): App\Controllers\LoginController->index()
 6 SYSTEMPATH\CodeIgniter.php(509): CodeIgniter\CodeIgniter->runController(Object(App\Controllers\LoginController))
 7 SYSTEMPATH\CodeIgniter.php(355): CodeIgniter\CodeIgniter->handleRequest(null, Object(Config\Cache), false)
 8 SYSTEMPATH\Boot.php(325): CodeIgniter\CodeIgniter->run()
 9 SYSTEMPATH\Boot.php(67): CodeIgniter\Boot::runCodeIgniter(Object(CodeIgniter\CodeIgniter))
10 FCPATH\index.php(56): CodeIgniter\Boot::bootWeb(Object(Config\Paths))
11 SYSTEMPATH\Commands\Server\rewrite.php(49): require_once('C:\\xampp\\htdocs\\ci-news\\public\\index.php')
CRITICAL - 2024-06-14 16:53:01 --> CodeIgniter\View\Exceptions\ViewException: Invalid file: "layouts/main.php"
[Method: GET, Route: login]
in SYSTEMPATH\Exceptions\FrameworkException.php on line 41.
 1 SYSTEMPATH\View\View.php(222): CodeIgniter\Exceptions\FrameworkException::forInvalidFile('layouts/main.php')
 2 SYSTEMPATH\View\View.php(250): CodeIgniter\View\View->render('layouts/main', [], true)
 3 SYSTEMPATH\Common.php(1171): CodeIgniter\View\View->render('auth/login', [], true)
 4 APPPATH\Controllers\LoginController.php(21): view('auth/login', [...])
 5 SYSTEMPATH\CodeIgniter.php(933): App\Controllers\LoginController->index()
 6 SYSTEMPATH\CodeIgniter.php(509): CodeIgniter\CodeIgniter->runController(Object(App\Controllers\LoginController))
 7 SYSTEMPATH\CodeIgniter.php(355): CodeIgniter\CodeIgniter->handleRequest(null, Object(Config\Cache), false)
 8 SYSTEMPATH\Boot.php(325): CodeIgniter\CodeIgniter->run()
 9 SYSTEMPATH\Boot.php(67): CodeIgniter\Boot::runCodeIgniter(Object(CodeIgniter\CodeIgniter))
10 FCPATH\index.php(56): CodeIgniter\Boot::bootWeb(Object(Config\Paths))
11 SYSTEMPATH\Commands\Server\rewrite.php(49): require_once('C:\\xampp\\htdocs\\ci-news\\public\\index.php')
CRITICAL - 2024-06-14 16:53:01 --> CodeIgniter\View\Exceptions\ViewException: Invalid file: "layouts/main.php"
[Method: GET, Route: login]
in SYSTEMPATH\Exceptions\FrameworkException.php on line 41.
 1 SYSTEMPATH\View\View.php(222): CodeIgniter\Exceptions\FrameworkException::forInvalidFile('layouts/main.php')
 2 SYSTEMPATH\View\View.php(250): CodeIgniter\View\View->render('layouts/main', [], true)
 3 SYSTEMPATH\Common.php(1171): CodeIgniter\View\View->render('auth/login', [], true)
 4 APPPATH\Controllers\LoginController.php(21): view('auth/login', [...])
 5 SYSTEMPATH\CodeIgniter.php(933): App\Controllers\LoginController->index()
 6 SYSTEMPATH\CodeIgniter.php(509): CodeIgniter\CodeIgniter->runController(Object(App\Controllers\LoginController))
 7 SYSTEMPATH\CodeIgniter.php(355): CodeIgniter\CodeIgniter->handleRequest(null, Object(Config\Cache), false)
 8 SYSTEMPATH\Boot.php(325): CodeIgniter\CodeIgniter->run()
 9 SYSTEMPATH\Boot.php(67): CodeIgniter\Boot::runCodeIgniter(Object(CodeIgniter\CodeIgniter))
10 FCPATH\index.php(56): CodeIgniter\Boot::bootWeb(Object(Config\Paths))
11 SYSTEMPATH\Commands\Server\rewrite.php(49): require_once('C:\\xampp\\htdocs\\ci-news\\public\\index.php')
CRITICAL - 2024-06-14 16:53:01 --> CodeIgniter\View\Exceptions\ViewException: Invalid file: "layouts/main.php"
[Method: GET, Route: login]
in SYSTEMPATH\Exceptions\FrameworkException.php on line 41.
 1 SYSTEMPATH\View\View.php(222): CodeIgniter\Exceptions\FrameworkException::forInvalidFile('layouts/main.php')
 2 SYSTEMPATH\View\View.php(250): CodeIgniter\View\View->render('layouts/main', [], true)
 3 SYSTEMPATH\Common.php(1171): CodeIgniter\View\View->render('auth/login', [], true)
 4 APPPATH\Controllers\LoginController.php(21): view('auth/login', [...])
 5 SYSTEMPATH\CodeIgniter.php(933): App\Controllers\LoginController->index()
 6 SYSTEMPATH\CodeIgniter.php(509): CodeIgniter\CodeIgniter->runController(Object(App\Controllers\LoginController))
 7 SYSTEMPATH\CodeIgniter.php(355): CodeIgniter\CodeIgniter->handleRequest(null, Object(Config\Cache), false)
 8 SYSTEMPATH\Boot.php(325): CodeIgniter\CodeIgniter->run()
 9 SYSTEMPATH\Boot.php(67): CodeIgniter\Boot::runCodeIgniter(Object(CodeIgniter\CodeIgniter))
10 FCPATH\index.php(56): CodeIgniter\Boot::bootWeb(Object(Config\Paths))
11 SYSTEMPATH\Commands\Server\rewrite.php(49): require_once('C:\\xampp\\htdocs\\ci-news\\public\\index.php')
CRITICAL - 2024-06-14 16:53:01 --> CodeIgniter\View\Exceptions\ViewException: Invalid file: "layouts/main.php"
[Method: GET, Route: login]
in SYSTEMPATH\Exceptions\FrameworkException.php on line 41.
 1 SYSTEMPATH\View\View.php(222): CodeIgniter\Exceptions\FrameworkException::forInvalidFile('layouts/main.php')
 2 SYSTEMPATH\View\View.php(250): CodeIgniter\View\View->render('layouts/main', [], true)
 3 SYSTEMPATH\Common.php(1171): CodeIgniter\View\View->render('auth/login', [], true)
 4 APPPATH\Controllers\LoginController.php(21): view('auth/login', [...])
 5 SYSTEMPATH\CodeIgniter.php(933): App\Controllers\LoginController->index()
 6 SYSTEMPATH\CodeIgniter.php(509): CodeIgniter\CodeIgniter->runController(Object(App\Controllers\LoginController))
 7 SYSTEMPATH\CodeIgniter.php(355): CodeIgniter\CodeIgniter->handleRequest(null, Object(Config\Cache), false)
 8 SYSTEMPATH\Boot.php(325): CodeIgniter\CodeIgniter->run()
 9 SYSTEMPATH\Boot.php(67): CodeIgniter\Boot::runCodeIgniter(Object(CodeIgniter\CodeIgniter))
10 FCPATH\index.php(56): CodeIgniter\Boot::bootWeb(Object(Config\Paths))
11 SYSTEMPATH\Commands\Server\rewrite.php(49): require_once('C:\\xampp\\htdocs\\ci-news\\public\\index.php')
CRITICAL - 2024-06-14 16:53:03 --> CodeIgniter\View\Exceptions\ViewException: Invalid file: "layouts/main.php"
[Method: GET, Route: login]
in SYSTEMPATH\Exceptions\FrameworkException.php on line 41.
 1 SYSTEMPATH\View\View.php(222): CodeIgniter\Exceptions\FrameworkException::forInvalidFile('layouts/main.php')
 2 SYSTEMPATH\View\View.php(250): CodeIgniter\View\View->render('layouts/main', [], true)
 3 SYSTEMPATH\Common.php(1171): CodeIgniter\View\View->render('auth/login', [], true)
 4 APPPATH\Controllers\LoginController.php(21): view('auth/login', [...])
 5 SYSTEMPATH\CodeIgniter.php(933): App\Controllers\LoginController->index()
 6 SYSTEMPATH\CodeIgniter.php(509): CodeIgniter\CodeIgniter->runController(Object(App\Controllers\LoginController))
 7 SYSTEMPATH\CodeIgniter.php(355): CodeIgniter\CodeIgniter->handleRequest(null, Object(Config\Cache), false)
 8 SYSTEMPATH\Boot.php(325): CodeIgniter\CodeIgniter->run()
 9 SYSTEMPATH\Boot.php(67): CodeIgniter\Boot::runCodeIgniter(Object(CodeIgniter\CodeIgniter))
10 FCPATH\index.php(56): CodeIgniter\Boot::bootWeb(Object(Config\Paths))
11 SYSTEMPATH\Commands\Server\rewrite.php(49): require_once('C:\\xampp\\htdocs\\ci-news\\public\\index.php')
